0 info it worked if it ends with ok
1 verbose cli [ '/usr/local/bin/node', '/usr/local/bin/npm', 'install' ]
2 info using npm@3.10.8
3 info using node@v6.9.1
4 silly loadCurrentTree Starting
5 silly install loadCurrentTree
6 silly install readLocalPackageData
7 silly install normalizeTree
8 silly loadCurrentTree Finishing
9 silly loadIdealTree Starting
10 silly install loadIdealTree
11 silly cloneCurrentTree Starting
12 silly install cloneCurrentTreeToIdealTree
13 silly cloneCurrentTree Finishing
14 silly loadShrinkwrap Starting
15 silly install loadShrinkwrap
16 silly loadShrinkwrap Finishing
17 silly loadAllDepsIntoIdealTree Starting
18 silly install loadAllDepsIntoIdealTree
19 silly fetchNamedPackageData @angular/common
20 silly mapToRegistry name @angular/common
21 silly mapToRegistry scope (from package name) @angular
22 verbose mapToRegistry no registry URL found in name for scope @angular
23 silly mapToRegistry using default registry
24 silly mapToRegistry registry https://registry.npmjs.org/
25 silly mapToRegistry data Result {
25 silly mapToRegistry   raw: '@angular/common',
25 silly mapToRegistry   scope: '@angular',
25 silly mapToRegistry   escapedName: '@angular%2fcommon',
25 silly mapToRegistry   name: '@angular/common',
25 silly mapToRegistry   rawSpec: '',
25 silly mapToRegistry   spec: 'latest',
25 silly mapToRegistry   type: 'tag' }
26 silly mapToRegistry uri https://registry.npmjs.org/@angular%2fcommon
27 silly fetchNamedPackageData @angular/compiler
28 silly mapToRegistry name @angular/compiler
29 silly mapToRegistry scope (from package name) @angular
30 verbose mapToRegistry no registry URL found in name for scope @angular
31 silly mapToRegistry using default registry
32 silly mapToRegistry registry https://registry.npmjs.org/
33 silly mapToRegistry data Result {
33 silly mapToRegistry   raw: '@angular/compiler',
33 silly mapToRegistry   scope: '@angular',
33 silly mapToRegistry   escapedName: '@angular%2fcompiler',
33 silly mapToRegistry   name: '@angular/compiler',
33 silly mapToRegistry   rawSpec: '',
33 silly mapToRegistry   spec: 'latest',
33 silly mapToRegistry   type: 'tag' }
34 silly mapToRegistry uri https://registry.npmjs.org/@angular%2fcompiler
35 silly fetchNamedPackageData @angular/compiler-cli
36 silly mapToRegistry name @angular/compiler-cli
37 silly mapToRegistry scope (from package name) @angular
38 verbose mapToRegistry no registry URL found in name for scope @angular
39 silly mapToRegistry using default registry
40 silly mapToRegistry registry https://registry.npmjs.org/
41 silly mapToRegistry data Result {
41 silly mapToRegistry   raw: '@angular/compiler-cli',
41 silly mapToRegistry   scope: '@angular',
41 silly mapToRegistry   escapedName: '@angular%2fcompiler-cli',
41 silly mapToRegistry   name: '@angular/compiler-cli',
41 silly mapToRegistry   rawSpec: '',
41 silly mapToRegistry   spec: 'latest',
41 silly mapToRegistry   type: 'tag' }
42 silly mapToRegistry uri https://registry.npmjs.org/@angular%2fcompiler-cli
43 silly fetchNamedPackageData @angular/core
44 silly mapToRegistry name @angular/core
45 silly mapToRegistry scope (from package name) @angular
46 verbose mapToRegistry no registry URL found in name for scope @angular
47 silly mapToRegistry using default registry
48 silly mapToRegistry registry https://registry.npmjs.org/
49 silly mapToRegistry data Result {
49 silly mapToRegistry   raw: '@angular/core',
49 silly mapToRegistry   scope: '@angular',
49 silly mapToRegistry   escapedName: '@angular%2fcore',
49 silly mapToRegistry   name: '@angular/core',
49 silly mapToRegistry   rawSpec: '',
49 silly mapToRegistry   spec: 'latest',
49 silly mapToRegistry   type: 'tag' }
50 silly mapToRegistry uri https://registry.npmjs.org/@angular%2fcore
51 silly fetchNamedPackageData @angular/forms
52 silly mapToRegistry name @angular/forms
53 silly mapToRegistry scope (from package name) @angular
54 verbose mapToRegistry no registry URL found in name for scope @angular
55 silly mapToRegistry using default registry
56 silly mapToRegistry registry https://registry.npmjs.org/
57 silly mapToRegistry data Result {
57 silly mapToRegistry   raw: '@angular/forms',
57 silly mapToRegistry   scope: '@angular',
57 silly mapToRegistry   escapedName: '@angular%2fforms',
57 silly mapToRegistry   name: '@angular/forms',
57 silly mapToRegistry   rawSpec: '',
57 silly mapToRegistry   spec: 'latest',
57 silly mapToRegistry   type: 'tag' }
58 silly mapToRegistry uri https://registry.npmjs.org/@angular%2fforms
59 silly fetchNamedPackageData @angular/http
60 silly mapToRegistry name @angular/http
61 silly mapToRegistry scope (from package name) @angular
62 verbose mapToRegistry no registry URL found in name for scope @angular
63 silly mapToRegistry using default registry
64 silly mapToRegistry registry https://registry.npmjs.org/
65 silly mapToRegistry data Result {
65 silly mapToRegistry   raw: '@angular/http',
65 silly mapToRegistry   scope: '@angular',
65 silly mapToRegistry   escapedName: '@angular%2fhttp',
65 silly mapToRegistry   name: '@angular/http',
65 silly mapToRegistry   rawSpec: '',
65 silly mapToRegistry   spec: 'latest',
65 silly mapToRegistry   type: 'tag' }
66 silly mapToRegistry uri https://registry.npmjs.org/@angular%2fhttp
67 silly fetchNamedPackageData @angular/platform-browser
68 silly mapToRegistry name @angular/platform-browser
69 silly mapToRegistry scope (from package name) @angular
70 verbose mapToRegistry no registry URL found in name for scope @angular
71 silly mapToRegistry using default registry
72 silly mapToRegistry registry https://registry.npmjs.org/
73 silly mapToRegistry data Result {
73 silly mapToRegistry   raw: '@angular/platform-browser',
73 silly mapToRegistry   scope: '@angular',
73 silly mapToRegistry   escapedName: '@angular%2fplatform-browser',
73 silly mapToRegistry   name: '@angular/platform-browser',
73 silly mapToRegistry   rawSpec: '',
73 silly mapToRegistry   spec: 'latest',
73 silly mapToRegistry   type: 'tag' }
74 silly mapToRegistry uri https://registry.npmjs.org/@angular%2fplatform-browser
75 silly fetchNamedPackageData @angular/platform-browser-dynamic
76 silly mapToRegistry name @angular/platform-browser-dynamic
77 silly mapToRegistry scope (from package name) @angular
78 verbose mapToRegistry no registry URL found in name for scope @angular
79 silly mapToRegistry using default registry
80 silly mapToRegistry registry https://registry.npmjs.org/
81 silly mapToRegistry data Result {
81 silly mapToRegistry   raw: '@angular/platform-browser-dynamic',
81 silly mapToRegistry   scope: '@angular',
81 silly mapToRegistry   escapedName: '@angular%2fplatform-browser-dynamic',
81 silly mapToRegistry   name: '@angular/platform-browser-dynamic',
81 silly mapToRegistry   rawSpec: '',
81 silly mapToRegistry   spec: 'latest',
81 silly mapToRegistry   type: 'tag' }
82 silly mapToRegistry uri https://registry.npmjs.org/@angular%2fplatform-browser-dynamic
83 silly fetchNamedPackageData @ionic-native/core
84 silly mapToRegistry name @ionic-native/core
85 silly mapToRegistry scope (from package name) @ionic-native
86 verbose mapToRegistry no registry URL found in name for scope @ionic-native
87 silly mapToRegistry using default registry
88 silly mapToRegistry registry https://registry.npmjs.org/
89 silly mapToRegistry data Result {
89 silly mapToRegistry   raw: '@ionic-native/core',
89 silly mapToRegistry   scope: '@ionic-native',
89 silly mapToRegistry   escapedName: '@ionic-native%2fcore',
89 silly mapToRegistry   name: '@ionic-native/core',
89 silly mapToRegistry   rawSpec: '',
89 silly mapToRegistry   spec: 'latest',
89 silly mapToRegistry   type: 'tag' }
90 silly mapToRegistry uri https://registry.npmjs.org/@ionic-native%2fcore
91 silly fetchNamedPackageData @ionic-native/splash-screen
92 silly mapToRegistry name @ionic-native/splash-screen
93 silly mapToRegistry scope (from package name) @ionic-native
94 verbose mapToRegistry no registry URL found in name for scope @ionic-native
95 silly mapToRegistry using default registry
96 silly mapToRegistry registry https://registry.npmjs.org/
97 silly mapToRegistry data Result {
97 silly mapToRegistry   raw: '@ionic-native/splash-screen',
97 silly mapToRegistry   scope: '@ionic-native',
97 silly mapToRegistry   escapedName: '@ionic-native%2fsplash-screen',
97 silly mapToRegistry   name: '@ionic-native/splash-screen',
97 silly mapToRegistry   rawSpec: '',
97 silly mapToRegistry   spec: 'latest',
97 silly mapToRegistry   type: 'tag' }
98 silly mapToRegistry uri https://registry.npmjs.org/@ionic-native%2fsplash-screen
99 silly fetchNamedPackageData @ionic-native/status-bar
100 silly mapToRegistry name @ionic-native/status-bar
101 silly mapToRegistry scope (from package name) @ionic-native
102 verbose mapToRegistry no registry URL found in name for scope @ionic-native
103 silly mapToRegistry using default registry
104 silly mapToRegistry registry https://registry.npmjs.org/
105 silly mapToRegistry data Result {
105 silly mapToRegistry   raw: '@ionic-native/status-bar',
105 silly mapToRegistry   scope: '@ionic-native',
105 silly mapToRegistry   escapedName: '@ionic-native%2fstatus-bar',
105 silly mapToRegistry   name: '@ionic-native/status-bar',
105 silly mapToRegistry   rawSpec: '',
105 silly mapToRegistry   spec: 'latest',
105 silly mapToRegistry   type: 'tag' }
106 silly mapToRegistry uri https://registry.npmjs.org/@ionic-native%2fstatus-bar
107 silly fetchNamedPackageData ionic-angular
108 silly mapToRegistry name ionic-angular
109 silly mapToRegistry using default registry
110 silly mapToRegistry registry https://registry.npmjs.org/
111 silly mapToRegistry data Result {
111 silly mapToRegistry   raw: 'ionic-angular',
111 silly mapToRegistry   scope: null,
111 silly mapToRegistry   escapedName: 'ionic-angular',
111 silly mapToRegistry   name: 'ionic-angular',
111 silly mapToRegistry   rawSpec: '',
111 silly mapToRegistry   spec: 'latest',
111 silly mapToRegistry   type: 'tag' }
112 silly mapToRegistry uri https://registry.npmjs.org/ionic-angular
113 silly fetchNamedPackageData rxjs
114 silly mapToRegistry name rxjs
115 silly mapToRegistry using default registry
116 silly mapToRegistry registry https://registry.npmjs.org/
117 silly mapToRegistry data Result {
117 silly mapToRegistry   raw: 'rxjs',
117 silly mapToRegistry   scope: null,
117 silly mapToRegistry   escapedName: 'rxjs',
117 silly mapToRegistry   name: 'rxjs',
117 silly mapToRegistry   rawSpec: '',
117 silly mapToRegistry   spec: 'latest',
117 silly mapToRegistry   type: 'tag' }
118 silly mapToRegistry uri https://registry.npmjs.org/rxjs
119 silly fetchNamedPackageData zone.js
120 silly mapToRegistry name zone.js
121 silly mapToRegistry using default registry
122 silly mapToRegistry registry https://registry.npmjs.org/
123 silly mapToRegistry data Result {
123 silly mapToRegistry   raw: 'zone.js',
123 silly mapToRegistry   scope: null,
123 silly mapToRegistry   escapedName: 'zone.js',
123 silly mapToRegistry   name: 'zone.js',
123 silly mapToRegistry   rawSpec: '',
123 silly mapToRegistry   spec: 'latest',
123 silly mapToRegistry   type: 'tag' }
124 silly mapToRegistry uri https://registry.npmjs.org/zone.js
125 verbose request uri https://registry.npmjs.org/@angular%2fcore
126 verbose request no auth needed
127 info attempt registry request try #1 at 9:30:37 AM
128 verbose request id 8b5b250fa00c0d8f
129 verbose etag "599de5e4-1d3e7"
130 http request GET https://registry.npmjs.org/@angular%2fcore
131 verbose request uri https://registry.npmjs.org/@angular%2fcompiler-cli
132 verbose request no auth needed
133 info attempt registry request try #1 at 9:30:37 AM
134 verbose etag "599de5de-24f80"
135 http request GET https://registry.npmjs.org/@angular%2fcompiler-cli
136 verbose request uri https://registry.npmjs.org/@angular%2fcompiler
137 verbose request no auth needed
138 info attempt registry request try #1 at 9:30:37 AM
139 verbose etag "599de5d9-1dd0e"
140 http request GET https://registry.npmjs.org/@angular%2fcompiler
141 verbose request uri https://registry.npmjs.org/@angular%2fcommon
142 verbose request no auth needed
143 info attempt registry request try #1 at 9:30:37 AM
144 verbose etag "599de5d2-1dc3a"
145 http request GET https://registry.npmjs.org/@angular%2fcommon
146 verbose request uri https://registry.npmjs.org/@angular%2fforms
147 verbose request no auth needed
148 info attempt registry request try #1 at 9:30:37 AM
149 verbose etag "599de5ea-1c5de"
150 http request GET https://registry.npmjs.org/@angular%2fforms
151 verbose request uri https://registry.npmjs.org/@ionic-native%2fstatus-bar
152 verbose request no auth needed
153 info attempt registry request try #1 at 9:30:37 AM
154 verbose etag "59a12c76-f9a0"
155 http request GET https://registry.npmjs.org/@ionic-native%2fstatus-bar
156 verbose request uri https://registry.npmjs.org/@ionic-native%2fcore
157 verbose request no auth needed
158 info attempt registry request try #1 at 9:30:37 AM
159 verbose etag "59a12c3c-1063b"
160 http request GET https://registry.npmjs.org/@ionic-native%2fcore
161 verbose request uri https://registry.npmjs.org/@ionic-native%2fsplash-screen
162 verbose request no auth needed
163 info attempt registry request try #1 at 9:30:37 AM
164 verbose etag "59a12c75-fd86"
165 http request GET https://registry.npmjs.org/@ionic-native%2fsplash-screen
166 verbose request uri https://registry.npmjs.org/@angular%2fplatform-browser
167 verbose request no auth needed
168 info attempt registry request try #1 at 9:30:37 AM
169 verbose etag "599de601-20f61"
170 http request GET https://registry.npmjs.org/@angular%2fplatform-browser
171 verbose request uri https://registry.npmjs.org/@angular%2fplatform-browser-dynamic
172 verbose request no auth needed
173 info attempt registry request try #1 at 9:30:37 AM
174 verbose etag "599de606-24dc2"
175 http request GET https://registry.npmjs.org/@angular%2fplatform-browser-dynamic
176 verbose request uri https://registry.npmjs.org/@angular%2fhttp
177 verbose request no auth needed
178 info attempt registry request try #1 at 9:30:37 AM
179 verbose etag "599de5f0-1e25f"
180 http request GET https://registry.npmjs.org/@angular%2fhttp
181 verbose request uri https://registry.npmjs.org/rxjs
182 verbose request no auth needed
183 info attempt registry request try #1 at 9:30:37 AM
184 verbose etag W/"599c7f43-2bde7"
185 verbose lastModified Tue, 22 Aug 2017 19:00:19 GMT
186 http request GET https://registry.npmjs.org/rxjs
187 verbose request uri https://registry.npmjs.org/ionic-angular
188 verbose request no auth needed
189 info attempt registry request try #1 at 9:30:37 AM
190 verbose etag W/"597a405c-a00dc"
191 verbose lastModified Thu, 27 Jul 2017 19:34:52 GMT
192 http request GET https://registry.npmjs.org/ionic-angular
193 verbose request uri https://registry.npmjs.org/zone.js
194 verbose request no auth needed
195 info attempt registry request try #1 at 9:30:37 AM
196 verbose etag W/"599dcc29-2ba15"
197 verbose lastModified Wed, 23 Aug 2017 18:40:41 GMT
198 http request GET https://registry.npmjs.org/zone.js
199 http 304 https://registry.npmjs.org/@angular%2fcompiler
200 verbose headers { date: 'Sun, 27 Aug 2017 02:30:37 GMT',
200 verbose headers   via: '1.1 varnish',
200 verbose headers   'cache-control': 'max-age=0',
200 verbose headers   etag: '"599de5d9-1dd0e"',
200 verbose headers   age: '0',
200 verbose headers   connection: 'keep-alive',
200 verbose headers   'x-served-by': 'cache-sin18024-SIN',
200 verbose headers   'x-cache': 'MISS',
200 verbose headers   'x-cache-hits': '0',
200 verbose headers   'x-timer': 'S1503801037.269551,VS0,VE917',
200 verbose headers   vary: 'Accept-Encoding' }
201 silly get cb [ 304,
201 silly get   { date: 'Sun, 27 Aug 2017 02:30:37 GMT',
201 silly get     via: '1.1 varnish',
201 silly get     'cache-control': 'max-age=0',
201 silly get     etag: '"599de5d9-1dd0e"',
201 silly get     age: '0',
201 silly get     connection: 'keep-alive',
201 silly get     'x-served-by': 'cache-sin18024-SIN',
201 silly get     'x-cache': 'MISS',
201 silly get     'x-cache-hits': '0',
201 silly get     'x-timer': 'S1503801037.269551,VS0,VE917',
201 silly get     vary: 'Accept-Encoding' } ]
202 verbose etag https://registry.npmjs.org/@angular%2fcompiler from cache
203 verbose get saving @angular/compiler to /Users/khengny/.npm/registry.npmjs.org/_40angular_252fcompiler/.cache.json
204 verbose correctMkdir /Users/khengny/.npm correctMkdir not in flight; initializing
205 silly resolveWithNewModule @angular/compiler@4.1.3 checking installable status
206 silly cache add args [ '@angular/compiler@4.1.3', null ]
207 verbose cache add spec @angular/compiler@4.1.3
208 silly cache add parsed spec Result {
208 silly cache add   raw: '@angular/compiler@4.1.3',
208 silly cache add   scope: '@angular',
208 silly cache add   escapedName: '@angular%2fcompiler',
208 silly cache add   name: '@angular/compiler',
208 silly cache add   rawSpec: '4.1.3',
208 silly cache add   spec: '4.1.3',
208 silly cache add   type: 'version' }
209 silly addNamed @angular/compiler@4.1.3
210 verbose addNamed "4.1.3" is a plain semver version for @angular/compiler
211 silly mapToRegistry name @angular/compiler
212 silly mapToRegistry scope (from package name) @angular
213 verbose mapToRegistry no registry URL found in name for scope @angular
214 silly mapToRegistry using default registry
215 silly mapToRegistry registry https://registry.npmjs.org/
216 silly mapToRegistry data Result {
216 silly mapToRegistry   raw: '@angular/compiler',
216 silly mapToRegistry   scope: '@angular',
216 silly mapToRegistry   escapedName: '@angular%2fcompiler',
216 silly mapToRegistry   name: '@angular/compiler',
216 silly mapToRegistry   rawSpec: '',
216 silly mapToRegistry   spec: 'latest',
216 silly mapToRegistry   type: 'tag' }
217 silly mapToRegistry uri https://registry.npmjs.org/@angular%2fcompiler
218 verbose addNameVersion registry:https://registry.npmjs.org/@angular%2fcompiler not in flight; fetching
219 verbose get https://registry.npmjs.org/@angular%2fcompiler not expired, no request
220 silly cache afterAdd @angular/compiler@4.1.3
221 verbose afterAdd /Users/khengny/.npm/@angular/compiler/4.1.3/package/package.json not in flight; writing
222 verbose correctMkdir /Users/khengny/.npm correctMkdir not in flight; initializing
223 verbose afterAdd /Users/khengny/.npm/@angular/compiler/4.1.3/package/package.json written
224 http 304 https://registry.npmjs.org/zone.js
225 verbose headers { date: 'Sun, 27 Aug 2017 02:30:39 GMT',
225 verbose headers   via: '1.1 varnish',
225 verbose headers   'cache-control': 'max-age=300',
225 verbose headers   etag: 'W/"599dcc29-2ba15"',
225 verbose headers   age: '156',
225 verbose headers   connection: 'keep-alive',
225 verbose headers   'x-served-by': 'cache-sin18031-SIN',
225 verbose headers   'x-cache': 'HIT',
225 verbose headers   'x-cache-hits': '3',
225 verbose headers   'x-timer': 'S1503801039.365775,VS0,VE0',
225 verbose headers   vary: 'Accept-Encoding, Accept' }
226 silly get cb [ 304,
226 silly get   { date: 'Sun, 27 Aug 2017 02:30:39 GMT',
226 silly get     via: '1.1 varnish',
226 silly get     'cache-control': 'max-age=300',
226 silly get     etag: 'W/"599dcc29-2ba15"',
226 silly get     age: '156',
226 silly get     connection: 'keep-alive',
226 silly get     'x-served-by': 'cache-sin18031-SIN',
226 silly get     'x-cache': 'HIT',
226 silly get     'x-cache-hits': '3',
226 silly get     'x-timer': 'S1503801039.365775,VS0,VE0',
226 silly get     vary: 'Accept-Encoding, Accept' } ]
227 verbose etag https://registry.npmjs.org/zone.js from cache
228 verbose get saving zone.js to /Users/khengny/.npm/registry.npmjs.org/zone.js/.cache.json
229 verbose correctMkdir /Users/khengny/.npm correctMkdir not in flight; initializing
230 silly resolveWithNewModule zone.js@0.8.12 checking installable status
231 silly cache add args [ 'zone.js@0.8.12', null ]
232 verbose cache add spec zone.js@0.8.12
233 silly cache add parsed spec Result {
233 silly cache add   raw: 'zone.js@0.8.12',
233 silly cache add   scope: null,
233 silly cache add   escapedName: 'zone.js',
233 silly cache add   name: 'zone.js',
233 silly cache add   rawSpec: '0.8.12',
233 silly cache add   spec: '0.8.12',
233 silly cache add   type: 'version' }
234 silly addNamed zone.js@0.8.12
235 verbose addNamed "0.8.12" is a plain semver version for zone.js
236 silly mapToRegistry name zone.js
237 silly mapToRegistry using default registry
238 silly mapToRegistry registry https://registry.npmjs.org/
239 silly mapToRegistry data Result {
239 silly mapToRegistry   raw: 'zone.js',
239 silly mapToRegistry   scope: null,
239 silly mapToRegistry   escapedName: 'zone.js',
239 silly mapToRegistry   name: 'zone.js',
239 silly mapToRegistry   rawSpec: '',
239 silly mapToRegistry   spec: 'latest',
239 silly mapToRegistry   type: 'tag' }
240 silly mapToRegistry uri https://registry.npmjs.org/zone.js
241 verbose addNameVersion registry:https://registry.npmjs.org/zone.js not in flight; fetching
242 verbose get https://registry.npmjs.org/zone.js not expired, no request
243 silly cache afterAdd zone.js@0.8.12
244 verbose afterAdd /Users/khengny/.npm/zone.js/0.8.12/package/package.json not in flight; writing
245 verbose correctMkdir /Users/khengny/.npm correctMkdir not in flight; initializing
246 verbose afterAdd /Users/khengny/.npm/zone.js/0.8.12/package/package.json written
247 http 304 https://registry.npmjs.org/@angular%2fforms
248 verbose headers { date: 'Sun, 27 Aug 2017 02:30:38 GMT',
248 verbose headers   via: '1.1 varnish',
248 verbose headers   'cache-control': 'max-age=0',
248 verbose headers   etag: '"599de5ea-1c5de"',
248 verbose headers   age: '0',
248 verbose headers   connection: 'keep-alive',
248 verbose headers   'x-served-by': 'cache-sin18035-SIN',
248 verbose headers   'x-cache': 'MISS',
248 verbose headers   'x-cache-hits': '0',
248 verbose headers   'x-timer': 'S1503801039.669512,VS0,VE887',
248 verbose headers   vary: 'Accept-Encoding' }
249 silly get cb [ 304,
249 silly get   { date: 'Sun, 27 Aug 2017 02:30:38 GMT',
249 silly get     via: '1.1 varnish',
249 silly get     'cache-control': 'max-age=0',
249 silly get     etag: '"599de5ea-1c5de"',
249 silly get     age: '0',
249 silly get     connection: 'keep-alive',
249 silly get     'x-served-by': 'cache-sin18035-SIN',
249 silly get     'x-cache': 'MISS',
249 silly get     'x-cache-hits': '0',
249 silly get     'x-timer': 'S1503801039.669512,VS0,VE887',
249 silly get     vary: 'Accept-Encoding' } ]
250 verbose etag https://registry.npmjs.org/@angular%2fforms from cache
251 verbose get saving @angular/forms to /Users/khengny/.npm/registry.npmjs.org/_40angular_252fforms/.cache.json
252 verbose correctMkdir /Users/khengny/.npm correctMkdir not in flight; initializing
253 silly resolveWithNewModule @angular/forms@4.1.3 checking installable status
254 silly cache add args [ '@angular/forms@4.1.3', null ]
255 verbose cache add spec @angular/forms@4.1.3
256 silly cache add parsed spec Result {
256 silly cache add   raw: '@angular/forms@4.1.3',
256 silly cache add   scope: '@angular',
256 silly cache add   escapedName: '@angular%2fforms',
256 silly cache add   name: '@angular/forms',
256 silly cache add   rawSpec: '4.1.3',
256 silly cache add   spec: '4.1.3',
256 silly cache add   type: 'version' }
257 silly addNamed @angular/forms@4.1.3
258 verbose addNamed "4.1.3" is a plain semver version for @angular/forms
259 silly mapToRegistry name @angular/forms
260 silly mapToRegistry scope (from package name) @angular
261 verbose mapToRegistry no registry URL found in name for scope @angular
262 silly mapToRegistry using default registry
263 silly mapToRegistry registry https://registry.npmjs.org/
264 silly mapToRegistry data Result {
264 silly mapToRegistry   raw: '@angular/forms',
264 silly mapToRegistry   scope: '@angular',
264 silly mapToRegistry   escapedName: '@angular%2fforms',
264 silly mapToRegistry   name: '@angular/forms',
264 silly mapToRegistry   rawSpec: '',
264 silly mapToRegistry   spec: 'latest',
264 silly mapToRegistry   type: 'tag' }
265 silly mapToRegistry uri https://registry.npmjs.org/@angular%2fforms
266 verbose addNameVersion registry:https://registry.npmjs.org/@angular%2fforms not in flight; fetching
267 verbose get https://registry.npmjs.org/@angular%2fforms not expired, no request
268 http 304 https://registry.npmjs.org/ionic-angular
269 verbose headers { date: 'Sun, 27 Aug 2017 02:30:39 GMT',
269 verbose headers   via: '1.1 varnish',
269 verbose headers   'cache-control': 'max-age=300',
269 verbose headers   etag: 'W/"597a405c-a00dc"',
269 verbose headers   age: '103',
269 verbose headers   connection: 'keep-alive',
269 verbose headers   'x-served-by': 'cache-sin18027-SIN',
269 verbose headers   'x-cache': 'HIT',
269 verbose headers   'x-cache-hits': '1',
269 verbose headers   'x-timer': 'S1503801040.918245,VS0,VE0',
269 verbose headers   vary: 'Accept-Encoding, Accept' }
270 silly get cb [ 304,
270 silly get   { date: 'Sun, 27 Aug 2017 02:30:39 GMT',
270 silly get     via: '1.1 varnish',
270 silly get     'cache-control': 'max-age=300',
270 silly get     etag: 'W/"597a405c-a00dc"',
270 silly get     age: '103',
270 silly get     connection: 'keep-alive',
270 silly get     'x-served-by': 'cache-sin18027-SIN',
270 silly get     'x-cache': 'HIT',
270 silly get     'x-cache-hits': '1',
270 silly get     'x-timer': 'S1503801040.918245,VS0,VE0',
270 silly get     vary: 'Accept-Encoding, Accept' } ]
271 verbose etag https://registry.npmjs.org/ionic-angular from cache
272 verbose get saving ionic-angular to /Users/khengny/.npm/registry.npmjs.org/ionic-angular/.cache.json
273 verbose correctMkdir /Users/khengny/.npm correctMkdir not in flight; initializing
274 silly mapToRegistry name @angular/forms
275 silly mapToRegistry scope (from package name) @angular
276 verbose mapToRegistry no registry URL found in name for scope @angular
277 silly mapToRegistry using default registry
278 silly mapToRegistry registry https://registry.npmjs.org/
279 silly mapToRegistry data Result {
279 silly mapToRegistry   raw: '@angular/forms',
279 silly mapToRegistry   scope: '@angular',
279 silly mapToRegistry   escapedName: '@angular%2fforms',
279 silly mapToRegistry   name: '@angular/forms',
279 silly mapToRegistry   rawSpec: '',
279 silly mapToRegistry   spec: 'latest',
279 silly mapToRegistry   type: 'tag' }
280 silly mapToRegistry uri https://registry.npmjs.org/@angular%2fforms
281 verbose addRemoteTarball https://registry.npmjs.org/@angular/forms/-/forms-4.1.3.tgz not in flight; adding
282 verbose addRemoteTarball [ 'https://registry.npmjs.org/@angular/forms/-/forms-4.1.3.tgz',
282 verbose addRemoteTarball   '380ab4c3af84c5d1d748c2a7d04151c7dc8e4982' ]
283 silly resolveWithNewModule ionic-angular@3.6.0 checking installable status
284 silly cache add args [ 'ionic-angular@3.6.0', null ]
285 verbose cache add spec ionic-angular@3.6.0
286 silly cache add parsed spec Result {
286 silly cache add   raw: 'ionic-angular@3.6.0',
286 silly cache add   scope: null,
286 silly cache add   escapedName: 'ionic-angular',
286 silly cache add   name: 'ionic-angular',
286 silly cache add   rawSpec: '3.6.0',
286 silly cache add   spec: '3.6.0',
286 silly cache add   type: 'version' }
287 silly addNamed ionic-angular@3.6.0
288 verbose addNamed "3.6.0" is a plain semver version for ionic-angular
289 silly mapToRegistry name ionic-angular
290 silly mapToRegistry using default registry
291 silly mapToRegistry registry https://registry.npmjs.org/
292 silly mapToRegistry data Result {
292 silly mapToRegistry   raw: 'ionic-angular',
292 silly mapToRegistry   scope: null,
292 silly mapToRegistry   escapedName: 'ionic-angular',
292 silly mapToRegistry   name: 'ionic-angular',
292 silly mapToRegistry   rawSpec: '',
292 silly mapToRegistry   spec: 'latest',
292 silly mapToRegistry   type: 'tag' }
293 silly mapToRegistry uri https://registry.npmjs.org/ionic-angular
294 verbose addNameVersion registry:https://registry.npmjs.org/ionic-angular not in flight; fetching
295 info retry fetch attempt 1 at 9:30:40 AM
296 info attempt registry request try #1 at 9:30:40 AM
297 http fetch GET https://registry.npmjs.org/@angular/forms/-/forms-4.1.3.tgz
298 verbose get https://registry.npmjs.org/ionic-angular not expired, no request
299 silly mapToRegistry name ionic-angular
300 silly mapToRegistry using default registry
301 silly mapToRegistry registry https://registry.npmjs.org/
302 silly mapToRegistry data Result {
302 silly mapToRegistry   raw: 'ionic-angular',
302 silly mapToRegistry   scope: null,
302 silly mapToRegistry   escapedName: 'ionic-angular',
302 silly mapToRegistry   name: 'ionic-angular',
302 silly mapToRegistry   rawSpec: '',
302 silly mapToRegistry   spec: 'latest',
302 silly mapToRegistry   type: 'tag' }
303 silly mapToRegistry uri https://registry.npmjs.org/ionic-angular
304 verbose addRemoteTarball https://registry.npmjs.org/ionic-angular/-/ionic-angular-3.6.0.tgz not in flight; adding
305 verbose addRemoteTarball [ 'https://registry.npmjs.org/ionic-angular/-/ionic-angular-3.6.0.tgz',
305 verbose addRemoteTarball   '3c9222796c84cab37f5a3d090c268c9fe308e007' ]
306 info retry fetch attempt 1 at 9:30:40 AM
307 info attempt registry request try #1 at 9:30:40 AM
308 http fetch GET https://registry.npmjs.org/ionic-angular/-/ionic-angular-3.6.0.tgz
309 http fetch 200 https://registry.npmjs.org/ionic-angular/-/ionic-angular-3.6.0.tgz
310 http 304 https://registry.npmjs.org/@angular%2fcommon
311 verbose headers { date: 'Sun, 27 Aug 2017 02:30:39 GMT',
311 verbose headers   via: '1.1 varnish',
311 verbose headers   'cache-control': 'max-age=0',
311 verbose headers   etag: '"599de5d2-1dc3a"',
311 verbose headers   age: '0',
311 verbose headers   connection: 'keep-alive',
311 verbose headers   'x-served-by': 'cache-sin18022-SIN',
311 verbose headers   'x-cache': 'MISS',
311 verbose headers   'x-cache-hits': '0',
311 verbose headers   'x-timer': 'S1503801040.917397,VS0,VE253',
311 verbose headers   vary: 'Accept-Encoding' }
312 silly get cb [ 304,
312 silly get   { date: 'Sun, 27 Aug 2017 02:30:39 GMT',
312 silly get     via: '1.1 varnish',
312 silly get     'cache-control': 'max-age=0',
312 silly get     etag: '"599de5d2-1dc3a"',
312 silly get     age: '0',
312 silly get     connection: 'keep-alive',
312 silly get     'x-served-by': 'cache-sin18022-SIN',
312 silly get     'x-cache': 'MISS',
312 silly get     'x-cache-hits': '0',
312 silly get     'x-timer': 'S1503801040.917397,VS0,VE253',
312 silly get     vary: 'Accept-Encoding' } ]
313 verbose etag https://registry.npmjs.org/@angular%2fcommon from cache
314 verbose get saving @angular/common to /Users/khengny/.npm/registry.npmjs.org/_40angular_252fcommon/.cache.json
315 verbose correctMkdir /Users/khengny/.npm correctMkdir not in flight; initializing
316 silly resolveWithNewModule @angular/common@4.1.3 checking installable status
317 silly cache add args [ '@angular/common@4.1.3', null ]
318 verbose cache add spec @angular/common@4.1.3
319 silly cache add parsed spec Result {
319 silly cache add   raw: '@angular/common@4.1.3',
319 silly cache add   scope: '@angular',
319 silly cache add   escapedName: '@angular%2fcommon',
319 silly cache add   name: '@angular/common',
319 silly cache add   rawSpec: '4.1.3',
319 silly cache add   spec: '4.1.3',
319 silly cache add   type: 'version' }
320 silly addNamed @angular/common@4.1.3
321 verbose addNamed "4.1.3" is a plain semver version for @angular/common
322 silly mapToRegistry name @angular/common
323 silly mapToRegistry scope (from package name) @angular
324 verbose mapToRegistry no registry URL found in name for scope @angular
325 silly mapToRegistry using default registry
326 silly mapToRegistry registry https://registry.npmjs.org/
327 silly mapToRegistry data Result {
327 silly mapToRegistry   raw: '@angular/common',
327 silly mapToRegistry   scope: '@angular',
327 silly mapToRegistry   escapedName: '@angular%2fcommon',
327 silly mapToRegistry   name: '@angular/common',
327 silly mapToRegistry   rawSpec: '',
327 silly mapToRegistry   spec: 'latest',
327 silly mapToRegistry   type: 'tag' }
328 silly mapToRegistry uri https://registry.npmjs.org/@angular%2fcommon
329 verbose addNameVersion registry:https://registry.npmjs.org/@angular%2fcommon not in flight; fetching
330 verbose get https://registry.npmjs.org/@angular%2fcommon not expired, no request
331 silly cache afterAdd @angular/common@4.1.3
332 verbose afterAdd /Users/khengny/.npm/@angular/common/4.1.3/package/package.json not in flight; writing
333 verbose correctMkdir /Users/khengny/.npm correctMkdir not in flight; initializing
334 verbose afterAdd /Users/khengny/.npm/@angular/common/4.1.3/package/package.json written
335 http 304 https://registry.npmjs.org/@angular%2fcompiler-cli
336 verbose headers { date: 'Sun, 27 Aug 2017 02:30:40 GMT',
336 verbose headers   via: '1.1 varnish',
336 verbose headers   'cache-control': 'max-age=0',
336 verbose headers   etag: '"599de5de-24f80"',
336 verbose headers   age: '0',
336 verbose headers   connection: 'keep-alive',
336 verbose headers   'x-served-by': 'cache-sin18030-SIN',
336 verbose headers   'x-cache': 'MISS',
336 verbose headers   'x-cache-hits': '0',
336 verbose headers   'x-timer': 'S1503801040.109352,VS0,VE265',
336 verbose headers   vary: 'Accept-Encoding' }
337 silly get cb [ 304,
337 silly get   { date: 'Sun, 27 Aug 2017 02:30:40 GMT',
337 silly get     via: '1.1 varnish',
337 silly get     'cache-control': 'max-age=0',
337 silly get     etag: '"599de5de-24f80"',
337 silly get     age: '0',
337 silly get     connection: 'keep-alive',
337 silly get     'x-served-by': 'cache-sin18030-SIN',
337 silly get     'x-cache': 'MISS',
337 silly get     'x-cache-hits': '0',
337 silly get     'x-timer': 'S1503801040.109352,VS0,VE265',
337 silly get     vary: 'Accept-Encoding' } ]
338 verbose etag https://registry.npmjs.org/@angular%2fcompiler-cli from cache
339 verbose get saving @angular/compiler-cli to /Users/khengny/.npm/registry.npmjs.org/_40angular_252fcompiler-cli/.cache.json
340 verbose correctMkdir /Users/khengny/.npm correctMkdir not in flight; initializing
341 silly resolveWithNewModule @angular/compiler-cli@4.1.3 checking installable status
342 silly cache add args [ '@angular/compiler-cli@4.1.3', null ]
343 verbose cache add spec @angular/compiler-cli@4.1.3
344 silly cache add parsed spec Result {
344 silly cache add   raw: '@angular/compiler-cli@4.1.3',
344 silly cache add   scope: '@angular',
344 silly cache add   escapedName: '@angular%2fcompiler-cli',
344 silly cache add   name: '@angular/compiler-cli',
344 silly cache add   rawSpec: '4.1.3',
344 silly cache add   spec: '4.1.3',
344 silly cache add   type: 'version' }
345 silly addNamed @angular/compiler-cli@4.1.3
346 verbose addNamed "4.1.3" is a plain semver version for @angular/compiler-cli
347 silly mapToRegistry name @angular/compiler-cli
348 silly mapToRegistry scope (from package name) @angular
349 verbose mapToRegistry no registry URL found in name for scope @angular
350 silly mapToRegistry using default registry
351 silly mapToRegistry registry https://registry.npmjs.org/
352 silly mapToRegistry data Result {
352 silly mapToRegistry   raw: '@angular/compiler-cli',
352 silly mapToRegistry   scope: '@angular',
352 silly mapToRegistry   escapedName: '@angular%2fcompiler-cli',
352 silly mapToRegistry   name: '@angular/compiler-cli',
352 silly mapToRegistry   rawSpec: '',
352 silly mapToRegistry   spec: 'latest',
352 silly mapToRegistry   type: 'tag' }
353 silly mapToRegistry uri https://registry.npmjs.org/@angular%2fcompiler-cli
354 verbose addNameVersion registry:https://registry.npmjs.org/@angular%2fcompiler-cli not in flight; fetching
355 verbose get https://registry.npmjs.org/@angular%2fcompiler-cli not expired, no request
356 silly cache afterAdd @angular/compiler-cli@4.1.3
357 verbose afterAdd /Users/khengny/.npm/@angular/compiler-cli/4.1.3/package/package.json not in flight; writing
358 verbose correctMkdir /Users/khengny/.npm correctMkdir not in flight; initializing
359 verbose afterAdd /Users/khengny/.npm/@angular/compiler-cli/4.1.3/package/package.json written
360 http 304 https://registry.npmjs.org/@angular%2fcore
361 verbose headers { date: 'Sun, 27 Aug 2017 02:30:40 GMT',
361 verbose headers   via: '1.1 varnish',
361 verbose headers   'cache-control': 'max-age=0',
361 verbose headers   etag: '"599de5e4-1d3e7"',
361 verbose headers   age: '0',
361 verbose headers   connection: 'keep-alive',
361 verbose headers   'x-served-by': 'cache-sin18029-SIN',
361 verbose headers   'x-cache': 'MISS',
361 verbose headers   'x-cache-hits': '0',
361 verbose headers   'x-timer': 'S1503801041.658394,VS0,VE920',
361 verbose headers   vary: 'Accept-Encoding' }
362 silly get cb [ 304,
362 silly get   { date: 'Sun, 27 Aug 2017 02:30:40 GMT',
362 silly get     via: '1.1 varnish',
362 silly get     'cache-control': 'max-age=0',
362 silly get     etag: '"599de5e4-1d3e7"',
362 silly get     age: '0',
362 silly get     connection: 'keep-alive',
362 silly get     'x-served-by': 'cache-sin18029-SIN',
362 silly get     'x-cache': 'MISS',
362 silly get     'x-cache-hits': '0',
362 silly get     'x-timer': 'S1503801041.658394,VS0,VE920',
362 silly get     vary: 'Accept-Encoding' } ]
363 verbose etag https://registry.npmjs.org/@angular%2fcore from cache
364 verbose get saving @angular/core to /Users/khengny/.npm/registry.npmjs.org/_40angular_252fcore/.cache.json
365 verbose correctMkdir /Users/khengny/.npm correctMkdir not in flight; initializing
366 silly resolveWithNewModule @angular/core@4.1.3 checking installable status
367 silly cache add args [ '@angular/core@4.1.3', null ]
368 verbose cache add spec @angular/core@4.1.3
369 silly cache add parsed spec Result {
369 silly cache add   raw: '@angular/core@4.1.3',
369 silly cache add   scope: '@angular',
369 silly cache add   escapedName: '@angular%2fcore',
369 silly cache add   name: '@angular/core',
369 silly cache add   rawSpec: '4.1.3',
369 silly cache add   spec: '4.1.3',
369 silly cache add   type: 'version' }
370 silly addNamed @angular/core@4.1.3
371 verbose addNamed "4.1.3" is a plain semver version for @angular/core
372 silly mapToRegistry name @angular/core
373 silly mapToRegistry scope (from package name) @angular
374 verbose mapToRegistry no registry URL found in name for scope @angular
375 silly mapToRegistry using default registry
376 silly mapToRegistry registry https://registry.npmjs.org/
377 silly mapToRegistry data Result {
377 silly mapToRegistry   raw: '@angular/core',
377 silly mapToRegistry   scope: '@angular',
377 silly mapToRegistry   escapedName: '@angular%2fcore',
377 silly mapToRegistry   name: '@angular/core',
377 silly mapToRegistry   rawSpec: '',
377 silly mapToRegistry   spec: 'latest',
377 silly mapToRegistry   type: 'tag' }
378 silly mapToRegistry uri https://registry.npmjs.org/@angular%2fcore
379 verbose addNameVersion registry:https://registry.npmjs.org/@angular%2fcore not in flight; fetching
380 verbose get https://registry.npmjs.org/@angular%2fcore not expired, no request
381 silly cache afterAdd @angular/core@4.1.3
382 verbose afterAdd /Users/khengny/.npm/@angular/core/4.1.3/package/package.json not in flight; writing
383 verbose correctMkdir /Users/khengny/.npm correctMkdir not in flight; initializing
384 verbose afterAdd /Users/khengny/.npm/@angular/core/4.1.3/package/package.json written
385 http fetch 200 https://registry.npmjs.org/@angular/forms/-/forms-4.1.3.tgz
386 http 304 https://registry.npmjs.org/@angular%2fhttp
387 verbose headers { etag: '"599de5f0-1e25f"',
387 verbose headers   'cache-control': 'max-age=0',
387 verbose headers   'accept-ranges': 'bytes',
387 verbose headers   date: 'Sun, 27 Aug 2017 02:30:41 GMT',
387 verbose headers   via: '1.1 varnish',
387 verbose headers   connection: 'keep-alive',
387 verbose headers   'x-served-by': 'cache-sin18024-SIN',
387 verbose headers   'x-cache': 'MISS',
387 verbose headers   'x-cache-hits': '0',
387 verbose headers   'x-timer': 'S1503801040.197368,VS0,VE853',
387 verbose headers   vary: 'Accept-Encoding' }
388 silly get cb [ 304,
388 silly get   { etag: '"599de5f0-1e25f"',
388 silly get     'cache-control': 'max-age=0',
388 silly get     'accept-ranges': 'bytes',
388 silly get     date: 'Sun, 27 Aug 2017 02:30:41 GMT',
388 silly get     via: '1.1 varnish',
388 silly get     connection: 'keep-alive',
388 silly get     'x-served-by': 'cache-sin18024-SIN',
388 silly get     'x-cache': 'MISS',
388 silly get     'x-cache-hits': '0',
388 silly get     'x-timer': 'S1503801040.197368,VS0,VE853',
388 silly get     vary: 'Accept-Encoding' } ]
389 verbose etag https://registry.npmjs.org/@angular%2fhttp from cache
390 verbose get saving @angular/http to /Users/khengny/.npm/registry.npmjs.org/_40angular_252fhttp/.cache.json
391 verbose correctMkdir /Users/khengny/.npm correctMkdir not in flight; initializing
392 silly resolveWithNewModule @angular/http@4.1.3 checking installable status
393 silly cache add args [ '@angular/http@4.1.3', null ]
394 verbose cache add spec @angular/http@4.1.3
395 silly cache add parsed spec Result {
395 silly cache add   raw: '@angular/http@4.1.3',
395 silly cache add   scope: '@angular',
395 silly cache add   escapedName: '@angular%2fhttp',
395 silly cache add   name: '@angular/http',
395 silly cache add   rawSpec: '4.1.3',
395 silly cache add   spec: '4.1.3',
395 silly cache add   type: 'version' }
396 silly addNamed @angular/http@4.1.3
397 verbose addNamed "4.1.3" is a plain semver version for @angular/http
398 silly mapToRegistry name @angular/http
399 silly mapToRegistry scope (from package name) @angular
400 verbose mapToRegistry no registry URL found in name for scope @angular
401 silly mapToRegistry using default registry
402 silly mapToRegistry registry https://registry.npmjs.org/
403 silly mapToRegistry data Result {
403 silly mapToRegistry   raw: '@angular/http',
403 silly mapToRegistry   scope: '@angular',
403 silly mapToRegistry   escapedName: '@angular%2fhttp',
403 silly mapToRegistry   name: '@angular/http',
403 silly mapToRegistry   rawSpec: '',
403 silly mapToRegistry   spec: 'latest',
403 silly mapToRegistry   type: 'tag' }
404 silly mapToRegistry uri https://registry.npmjs.org/@angular%2fhttp
405 verbose addNameVersion registry:https://registry.npmjs.org/@angular%2fhttp not in flight; fetching
406 verbose get https://registry.npmjs.org/@angular%2fhttp not expired, no request
407 silly cache afterAdd @angular/http@4.1.3
408 verbose afterAdd /Users/khengny/.npm/@angular/http/4.1.3/package/package.json not in flight; writing
409 verbose correctMkdir /Users/khengny/.npm correctMkdir not in flight; initializing
410 verbose afterAdd /Users/khengny/.npm/@angular/http/4.1.3/package/package.json written
411 http 304 https://registry.npmjs.org/@ionic-native%2fsplash-screen
412 verbose headers { date: 'Sun, 27 Aug 2017 02:30:45 GMT',
412 verbose headers   via: '1.1 varnish',
412 verbose headers   'cache-control': 'max-age=0',
412 verbose headers   etag: '"59a12c75-fd86"',
412 verbose headers   age: '0',
412 verbose headers   connection: 'keep-alive',
412 verbose headers   'x-served-by': 'cache-sin18035-SIN',
412 verbose headers   'x-cache': 'MISS',
412 verbose headers   'x-cache-hits': '0',
412 verbose headers   'x-timer': 'S1503801045.469820,VS0,VE866',
412 verbose headers   vary: 'Accept-Encoding' }
413 silly get cb [ 304,
413 silly get   { date: 'Sun, 27 Aug 2017 02:30:45 GMT',
413 silly get     via: '1.1 varnish',
413 silly get     'cache-control': 'max-age=0',
413 silly get     etag: '"59a12c75-fd86"',
413 silly get     age: '0',
413 silly get     connection: 'keep-alive',
413 silly get     'x-served-by': 'cache-sin18035-SIN',
413 silly get     'x-cache': 'MISS',
413 silly get     'x-cache-hits': '0',
413 silly get     'x-timer': 'S1503801045.469820,VS0,VE866',
413 silly get     vary: 'Accept-Encoding' } ]
414 verbose etag https://registry.npmjs.org/@ionic-native%2fsplash-screen from cache
415 verbose get saving @ionic-native/splash-screen to /Users/khengny/.npm/registry.npmjs.org/_40ionic-native_252fsplash-screen/.cache.json
416 verbose correctMkdir /Users/khengny/.npm correctMkdir not in flight; initializing
417 silly resolveWithNewModule @ionic-native/splash-screen@3.12.1 checking installable status
418 silly cache add args [ '@ionic-native/splash-screen@3.12.1', null ]
419 verbose cache add spec @ionic-native/splash-screen@3.12.1
420 silly cache add parsed spec Result {
420 silly cache add   raw: '@ionic-native/splash-screen@3.12.1',
420 silly cache add   scope: '@ionic-native',
420 silly cache add   escapedName: '@ionic-native%2fsplash-screen',
420 silly cache add   name: '@ionic-native/splash-screen',
420 silly cache add   rawSpec: '3.12.1',
420 silly cache add   spec: '3.12.1',
420 silly cache add   type: 'version' }
421 silly addNamed @ionic-native/splash-screen@3.12.1
422 verbose addNamed "3.12.1" is a plain semver version for @ionic-native/splash-screen
423 silly mapToRegistry name @ionic-native/splash-screen
424 silly mapToRegistry scope (from package name) @ionic-native
425 verbose mapToRegistry no registry URL found in name for scope @ionic-native
426 silly mapToRegistry using default registry
427 silly mapToRegistry registry https://registry.npmjs.org/
428 silly mapToRegistry data Result {
428 silly mapToRegistry   raw: '@ionic-native/splash-screen',
428 silly mapToRegistry   scope: '@ionic-native',
428 silly mapToRegistry   escapedName: '@ionic-native%2fsplash-screen',
428 silly mapToRegistry   name: '@ionic-native/splash-screen',
428 silly mapToRegistry   rawSpec: '',
428 silly mapToRegistry   spec: 'latest',
428 silly mapToRegistry   type: 'tag' }
429 silly mapToRegistry uri https://registry.npmjs.org/@ionic-native%2fsplash-screen
430 verbose addNameVersion registry:https://registry.npmjs.org/@ionic-native%2fsplash-screen not in flight; fetching
431 verbose get https://registry.npmjs.org/@ionic-native%2fsplash-screen not expired, no request
432 silly cache afterAdd @ionic-native/splash-screen@3.12.1
433 verbose afterAdd /Users/khengny/.npm/@ionic-native/splash-screen/3.12.1/package/package.json not in flight; writing
434 verbose correctMkdir /Users/khengny/.npm correctMkdir not in flight; initializing
435 verbose afterAdd /Users/khengny/.npm/@ionic-native/splash-screen/3.12.1/package/package.json written
436 http 304 https://registry.npmjs.org/@angular%2fplatform-browser
437 verbose headers { date: 'Sun, 27 Aug 2017 02:30:47 GMT',
437 verbose headers   via: '1.1 varnish',
437 verbose headers   'cache-control': 'max-age=0',
437 verbose headers   etag: '"599de601-20f61"',
437 verbose headers   age: '0',
437 verbose headers   connection: 'keep-alive',
437 verbose headers   'x-served-by': 'cache-sin18033-SIN',
437 verbose headers   'x-cache': 'MISS',
437 verbose headers   'x-cache-hits': '0',
437 verbose headers   'x-timer': 'S1503801047.345413,VS0,VE876',
437 verbose headers   vary: 'Accept-Encoding' }
438 silly get cb [ 304,
438 silly get   { date: 'Sun, 27 Aug 2017 02:30:47 GMT',
438 silly get     via: '1.1 varnish',
438 silly get     'cache-control': 'max-age=0',
438 silly get     etag: '"599de601-20f61"',
438 silly get     age: '0',
438 silly get     connection: 'keep-alive',
438 silly get     'x-served-by': 'cache-sin18033-SIN',
438 silly get     'x-cache': 'MISS',
438 silly get     'x-cache-hits': '0',
438 silly get     'x-timer': 'S1503801047.345413,VS0,VE876',
438 silly get     vary: 'Accept-Encoding' } ]
439 verbose etag https://registry.npmjs.org/@angular%2fplatform-browser from cache
440 verbose get saving @angular/platform-browser to /Users/khengny/.npm/registry.npmjs.org/_40angular_252fplatform-browser/.cache.json
441 verbose correctMkdir /Users/khengny/.npm correctMkdir not in flight; initializing
442 silly resolveWithNewModule @angular/platform-browser@4.1.3 checking installable status
443 silly cache add args [ '@angular/platform-browser@4.1.3', null ]
444 verbose cache add spec @angular/platform-browser@4.1.3
445 silly cache add parsed spec Result {
445 silly cache add   raw: '@angular/platform-browser@4.1.3',
445 silly cache add   scope: '@angular',
445 silly cache add   escapedName: '@angular%2fplatform-browser',
445 silly cache add   name: '@angular/platform-browser',
445 silly cache add   rawSpec: '4.1.3',
445 silly cache add   spec: '4.1.3',
445 silly cache add   type: 'version' }
446 silly addNamed @angular/platform-browser@4.1.3
447 verbose addNamed "4.1.3" is a plain semver version for @angular/platform-browser
448 silly mapToRegistry name @angular/platform-browser
449 silly mapToRegistry scope (from package name) @angular
450 verbose mapToRegistry no registry URL found in name for scope @angular
451 silly mapToRegistry using default registry
452 silly mapToRegistry registry https://registry.npmjs.org/
453 silly mapToRegistry data Result {
453 silly mapToRegistry   raw: '@angular/platform-browser',
453 silly mapToRegistry   scope: '@angular',
453 silly mapToRegistry   escapedName: '@angular%2fplatform-browser',
453 silly mapToRegistry   name: '@angular/platform-browser',
453 silly mapToRegistry   rawSpec: '',
453 silly mapToRegistry   spec: 'latest',
453 silly mapToRegistry   type: 'tag' }
454 silly mapToRegistry uri https://registry.npmjs.org/@angular%2fplatform-browser
455 verbose addNameVersion registry:https://registry.npmjs.org/@angular%2fplatform-browser not in flight; fetching
456 verbose get https://registry.npmjs.org/@angular%2fplatform-browser not expired, no request
457 silly cache afterAdd @angular/platform-browser@4.1.3
458 verbose afterAdd /Users/khengny/.npm/@angular/platform-browser/4.1.3/package/package.json not in flight; writing
459 verbose correctMkdir /Users/khengny/.npm correctMkdir not in flight; initializing
460 verbose afterAdd /Users/khengny/.npm/@angular/platform-browser/4.1.3/package/package.json written
461 http 304 https://registry.npmjs.org/rxjs
462 verbose headers { date: 'Sun, 27 Aug 2017 02:30:56 GMT',
462 verbose headers   via: '1.1 varnish',
462 verbose headers   'cache-control': 'max-age=300',
462 verbose headers   etag: 'W/"599c7f43-2bde7"',
462 verbose headers   age: '139',
462 verbose headers   connection: 'keep-alive',
462 verbose headers   'x-served-by': 'cache-sin18035-SIN',
462 verbose headers   'x-cache': 'HIT',
462 verbose headers   'x-cache-hits': '1',
462 verbose headers   'x-timer': 'S1503801057.505842,VS0,VE0',
462 verbose headers   vary: 'Accept-Encoding, Accept' }
463 silly get cb [ 304,
463 silly get   { date: 'Sun, 27 Aug 2017 02:30:56 GMT',
463 silly get     via: '1.1 varnish',
463 silly get     'cache-control': 'max-age=300',
463 silly get     etag: 'W/"599c7f43-2bde7"',
463 silly get     age: '139',
463 silly get     connection: 'keep-alive',
463 silly get     'x-served-by': 'cache-sin18035-SIN',
463 silly get     'x-cache': 'HIT',
463 silly get     'x-cache-hits': '1',
463 silly get     'x-timer': 'S1503801057.505842,VS0,VE0',
463 silly get     vary: 'Accept-Encoding, Accept' } ]
464 verbose etag https://registry.npmjs.org/rxjs from cache
465 verbose get saving rxjs to /Users/khengny/.npm/registry.npmjs.org/rxjs/.cache.json
466 verbose correctMkdir /Users/khengny/.npm correctMkdir not in flight; initializing
467 silly resolveWithNewModule rxjs@5.4.0 checking installable status
468 silly cache add args [ 'rxjs@5.4.0', null ]
469 verbose cache add spec rxjs@5.4.0
470 silly cache add parsed spec Result {
470 silly cache add   raw: 'rxjs@5.4.0',
470 silly cache add   scope: null,
470 silly cache add   escapedName: 'rxjs',
470 silly cache add   name: 'rxjs',
470 silly cache add   rawSpec: '5.4.0',
470 silly cache add   spec: '5.4.0',
470 silly cache add   type: 'version' }
471 silly addNamed rxjs@5.4.0
472 verbose addNamed "5.4.0" is a plain semver version for rxjs
473 silly mapToRegistry name rxjs
474 silly mapToRegistry using default registry
475 silly mapToRegistry registry https://registry.npmjs.org/
476 silly mapToRegistry data Result {
476 silly mapToRegistry   raw: 'rxjs',
476 silly mapToRegistry   scope: null,
476 silly mapToRegistry   escapedName: 'rxjs',
476 silly mapToRegistry   name: 'rxjs',
476 silly mapToRegistry   rawSpec: '',
476 silly mapToRegistry   spec: 'latest',
476 silly mapToRegistry   type: 'tag' }
477 silly mapToRegistry uri https://registry.npmjs.org/rxjs
478 verbose addNameVersion registry:https://registry.npmjs.org/rxjs not in flight; fetching
479 verbose get https://registry.npmjs.org/rxjs not expired, no request
480 silly cache afterAdd rxjs@5.4.0
481 verbose afterAdd /Users/khengny/.npm/rxjs/5.4.0/package/package.json not in flight; writing
482 verbose correctMkdir /Users/khengny/.npm correctMkdir not in flight; initializing
483 verbose afterAdd /Users/khengny/.npm/rxjs/5.4.0/package/package.json written
484 http 304 https://registry.npmjs.org/@ionic-native%2fcore
485 verbose headers { date: 'Sun, 27 Aug 2017 02:30:55 GMT',
485 verbose headers   via: '1.1 varnish',
485 verbose headers   'cache-control': 'max-age=0',
485 verbose headers   etag: '"59a12c3c-1063b"',
485 verbose headers   age: '0',
485 verbose headers   connection: 'keep-alive',
485 verbose headers   'x-served-by': 'cache-sin18024-SIN',
485 verbose headers   'x-cache': 'MISS',
485 verbose headers   'x-cache-hits': '0',
485 verbose headers   'x-timer': 'S1503801056.957522,VS0,VE867',
485 verbose headers   vary: 'Accept-Encoding' }
486 silly get cb [ 304,
486 silly get   { date: 'Sun, 27 Aug 2017 02:30:55 GMT',
486 silly get     via: '1.1 varnish',
486 silly get     'cache-control': 'max-age=0',
486 silly get     etag: '"59a12c3c-1063b"',
486 silly get     age: '0',
486 silly get     connection: 'keep-alive',
486 silly get     'x-served-by': 'cache-sin18024-SIN',
486 silly get     'x-cache': 'MISS',
486 silly get     'x-cache-hits': '0',
486 silly get     'x-timer': 'S1503801056.957522,VS0,VE867',
486 silly get     vary: 'Accept-Encoding' } ]
487 verbose etag https://registry.npmjs.org/@ionic-native%2fcore from cache
488 verbose get saving @ionic-native/core to /Users/khengny/.npm/registry.npmjs.org/_40ionic-native_252fcore/.cache.json
489 verbose correctMkdir /Users/khengny/.npm correctMkdir not in flight; initializing
490 http 304 https://registry.npmjs.org/@ionic-native%2fstatus-bar
491 verbose headers { date: 'Sun, 27 Aug 2017 02:30:56 GMT',
491 verbose headers   via: '1.1 varnish',
491 verbose headers   'cache-control': 'max-age=0',
491 verbose headers   etag: '"59a12c76-f9a0"',
491 verbose headers   age: '0',
491 verbose headers   connection: 'keep-alive',
491 verbose headers   'x-served-by': 'cache-sin18022-SIN',
491 verbose headers   'x-cache': 'MISS',
491 verbose headers   'x-cache-hits': '0',
491 verbose headers   'x-timer': 'S1503801056.425376,VS0,VE920',
491 verbose headers   vary: 'Accept-Encoding' }
492 silly get cb [ 304,
492 silly get   { date: 'Sun, 27 Aug 2017 02:30:56 GMT',
492 silly get     via: '1.1 varnish',
492 silly get     'cache-control': 'max-age=0',
492 silly get     etag: '"59a12c76-f9a0"',
492 silly get     age: '0',
492 silly get     connection: 'keep-alive',
492 silly get     'x-served-by': 'cache-sin18022-SIN',
492 silly get     'x-cache': 'MISS',
492 silly get     'x-cache-hits': '0',
492 silly get     'x-timer': 'S1503801056.425376,VS0,VE920',
492 silly get     vary: 'Accept-Encoding' } ]
493 verbose etag https://registry.npmjs.org/@ionic-native%2fstatus-bar from cache
494 verbose get saving @ionic-native/status-bar to /Users/khengny/.npm/registry.npmjs.org/_40ionic-native_252fstatus-bar/.cache.json
495 verbose correctMkdir /Users/khengny/.npm correctMkdir not in flight; initializing
496 silly resolveWithNewModule @ionic-native/status-bar@3.12.1 checking installable status
497 silly cache add args [ '@ionic-native/status-bar@3.12.1', null ]
498 verbose cache add spec @ionic-native/status-bar@3.12.1
499 silly cache add parsed spec Result {
499 silly cache add   raw: '@ionic-native/status-bar@3.12.1',
499 silly cache add   scope: '@ionic-native',
499 silly cache add   escapedName: '@ionic-native%2fstatus-bar',
499 silly cache add   name: '@ionic-native/status-bar',
499 silly cache add   rawSpec: '3.12.1',
499 silly cache add   spec: '3.12.1',
499 silly cache add   type: 'version' }
500 silly addNamed @ionic-native/status-bar@3.12.1
501 verbose addNamed "3.12.1" is a plain semver version for @ionic-native/status-bar
502 silly mapToRegistry name @ionic-native/status-bar
503 silly mapToRegistry scope (from package name) @ionic-native
504 verbose mapToRegistry no registry URL found in name for scope @ionic-native
505 silly mapToRegistry using default registry
506 silly mapToRegistry registry https://registry.npmjs.org/
507 silly mapToRegistry data Result {
507 silly mapToRegistry   raw: '@ionic-native/status-bar',
507 silly mapToRegistry   scope: '@ionic-native',
507 silly mapToRegistry   escapedName: '@ionic-native%2fstatus-bar',
507 silly mapToRegistry   name: '@ionic-native/status-bar',
507 silly mapToRegistry   rawSpec: '',
507 silly mapToRegistry   spec: 'latest',
507 silly mapToRegistry   type: 'tag' }
508 silly mapToRegistry uri https://registry.npmjs.org/@ionic-native%2fstatus-bar
509 verbose addNameVersion registry:https://registry.npmjs.org/@ionic-native%2fstatus-bar not in flight; fetching
510 silly resolveWithNewModule @ionic-native/core@3.12.1 checking installable status
511 silly cache add args [ '@ionic-native/core@3.12.1', null ]
512 verbose cache add spec @ionic-native/core@3.12.1
513 silly cache add parsed spec Result {
513 silly cache add   raw: '@ionic-native/core@3.12.1',
513 silly cache add   scope: '@ionic-native',
513 silly cache add   escapedName: '@ionic-native%2fcore',
513 silly cache add   name: '@ionic-native/core',
513 silly cache add   rawSpec: '3.12.1',
513 silly cache add   spec: '3.12.1',
513 silly cache add   type: 'version' }
514 silly addNamed @ionic-native/core@3.12.1
515 verbose addNamed "3.12.1" is a plain semver version for @ionic-native/core
516 silly mapToRegistry name @ionic-native/core
517 silly mapToRegistry scope (from package name) @ionic-native
518 verbose mapToRegistry no registry URL found in name for scope @ionic-native
519 silly mapToRegistry using default registry
520 silly mapToRegistry registry https://registry.npmjs.org/
521 silly mapToRegistry data Result {
521 silly mapToRegistry   raw: '@ionic-native/core',
521 silly mapToRegistry   scope: '@ionic-native',
521 silly mapToRegistry   escapedName: '@ionic-native%2fcore',
521 silly mapToRegistry   name: '@ionic-native/core',
521 silly mapToRegistry   rawSpec: '',
521 silly mapToRegistry   spec: 'latest',
521 silly mapToRegistry   type: 'tag' }
522 silly mapToRegistry uri https://registry.npmjs.org/@ionic-native%2fcore
523 verbose addNameVersion registry:https://registry.npmjs.org/@ionic-native%2fcore not in flight; fetching
524 verbose get https://registry.npmjs.org/@ionic-native%2fstatus-bar not expired, no request
525 verbose get https://registry.npmjs.org/@ionic-native%2fcore not expired, no request
526 silly cache afterAdd @ionic-native/status-bar@3.12.1
527 verbose afterAdd /Users/khengny/.npm/@ionic-native/status-bar/3.12.1/package/package.json not in flight; writing
528 verbose correctMkdir /Users/khengny/.npm correctMkdir not in flight; initializing
529 verbose afterAdd /Users/khengny/.npm/@ionic-native/status-bar/3.12.1/package/package.json written
530 silly cache afterAdd @ionic-native/core@3.12.1
531 verbose afterAdd /Users/khengny/.npm/@ionic-native/core/3.12.1/package/package.json not in flight; writing
532 verbose correctMkdir /Users/khengny/.npm correctMkdir not in flight; initializing
533 verbose afterAdd /Users/khengny/.npm/@ionic-native/core/3.12.1/package/package.json written
534 http 304 https://registry.npmjs.org/@angular%2fplatform-browser-dynamic
535 verbose headers { date: 'Sun, 27 Aug 2017 02:30:56 GMT',
535 verbose headers   via: '1.1 varnish',
535 verbose headers   'cache-control': 'max-age=0',
535 verbose headers   etag: '"599de606-24dc2"',
535 verbose headers   age: '0',
535 verbose headers   connection: 'keep-alive',
535 verbose headers   'x-served-by': 'cache-sin18024-SIN',
535 verbose headers   'x-cache': 'MISS',
535 verbose headers   'x-cache-hits': '0',
535 verbose headers   'x-timer': 'S1503801057.853763,VS0,VE910',
535 verbose headers   vary: 'Accept-Encoding' }
536 silly get cb [ 304,
536 silly get   { date: 'Sun, 27 Aug 2017 02:30:56 GMT',
536 silly get     via: '1.1 varnish',
536 silly get     'cache-control': 'max-age=0',
536 silly get     etag: '"599de606-24dc2"',
536 silly get     age: '0',
536 silly get     connection: 'keep-alive',
536 silly get     'x-served-by': 'cache-sin18024-SIN',
536 silly get     'x-cache': 'MISS',
536 silly get     'x-cache-hits': '0',
536 silly get     'x-timer': 'S1503801057.853763,VS0,VE910',
536 silly get     vary: 'Accept-Encoding' } ]
537 verbose etag https://registry.npmjs.org/@angular%2fplatform-browser-dynamic from cache
538 verbose get saving @angular/platform-browser-dynamic to /Users/khengny/.npm/registry.npmjs.org/_40angular_252fplatform-browser-dynamic/.cache.json
539 verbose correctMkdir /Users/khengny/.npm correctMkdir not in flight; initializing
540 silly resolveWithNewModule @angular/platform-browser-dynamic@4.1.3 checking installable status
541 silly cache add args [ '@angular/platform-browser-dynamic@4.1.3', null ]
542 verbose cache add spec @angular/platform-browser-dynamic@4.1.3
543 silly cache add parsed spec Result {
543 silly cache add   raw: '@angular/platform-browser-dynamic@4.1.3',
543 silly cache add   scope: '@angular',
543 silly cache add   escapedName: '@angular%2fplatform-browser-dynamic',
543 silly cache add   name: '@angular/platform-browser-dynamic',
543 silly cache add   rawSpec: '4.1.3',
543 silly cache add   spec: '4.1.3',
543 silly cache add   type: 'version' }
544 silly addNamed @angular/platform-browser-dynamic@4.1.3
545 verbose addNamed "4.1.3" is a plain semver version for @angular/platform-browser-dynamic
546 silly mapToRegistry name @angular/platform-browser-dynamic
547 silly mapToRegistry scope (from package name) @angular
548 verbose mapToRegistry no registry URL found in name for scope @angular
549 silly mapToRegistry using default registry
550 silly mapToRegistry registry https://registry.npmjs.org/
551 silly mapToRegistry data Result {
551 silly mapToRegistry   raw: '@angular/platform-browser-dynamic',
551 silly mapToRegistry   scope: '@angular',
551 silly mapToRegistry   escapedName: '@angular%2fplatform-browser-dynamic',
551 silly mapToRegistry   name: '@angular/platform-browser-dynamic',
551 silly mapToRegistry   rawSpec: '',
551 silly mapToRegistry   spec: 'latest',
551 silly mapToRegistry   type: 'tag' }
552 silly mapToRegistry uri https://registry.npmjs.org/@angular%2fplatform-browser-dynamic
553 verbose addNameVersion registry:https://registry.npmjs.org/@angular%2fplatform-browser-dynamic not in flight; fetching
554 verbose get https://registry.npmjs.org/@angular%2fplatform-browser-dynamic not expired, no request
555 silly cache afterAdd @angular/platform-browser-dynamic@4.1.3
556 verbose afterAdd /Users/khengny/.npm/@angular/platform-browser-dynamic/4.1.3/package/package.json not in flight; writing
557 verbose correctMkdir /Users/khengny/.npm correctMkdir not in flight; initializing
558 verbose afterAdd /Users/khengny/.npm/@angular/platform-browser-dynamic/4.1.3/package/package.json written
559 silly fetchAndShaCheck shasum 380ab4c3af84c5d1d748c2a7d04151c7dc8e4982
560 verbose addTmpTarball /var/folders/g1/6k6vllj52kjcf0t4c0h9syfh0000gn/T/npm-1533-9f32d27d/registry.npmjs.org/_40angular/forms/-/forms-4.1.3.tgz not in flight; adding
561 verbose addTmpTarball already have metadata; skipping unpack for @angular/forms@4.1.3
562 verbose correctMkdir /Users/khengny/.npm correctMkdir not in flight; initializing
563 silly cache afterAdd @angular/forms@4.1.3
564 verbose afterAdd /Users/khengny/.npm/@angular/forms/4.1.3/package/package.json not in flight; writing
565 verbose correctMkdir /Users/khengny/.npm correctMkdir not in flight; initializing
566 verbose afterAdd /Users/khengny/.npm/@angular/forms/4.1.3/package/package.json written
567 info retry will retry, error on last attempt: Error: read ETIMEDOUT
568 silly fetchAndShaCheck shasum 3c9222796c84cab37f5a3d090c268c9fe308e007
569 silly rollbackFailedOptional Starting
570 silly rollbackFailedOptional Finishing
571 silly runTopLevelLifecycles Finishing
572 silly install printInstalled
573 verbose stack Error: shasum check failed for /var/folders/g1/6k6vllj52kjcf0t4c0h9syfh0000gn/T/npm-1533-9f32d27d/registry.npmjs.org/ionic-angular/-/ionic-angular-3.6.0.tgz
573 verbose stack Expected: 3c9222796c84cab37f5a3d090c268c9fe308e007
573 verbose stack Actual:   d4c4be16cb4a90a14a2a68923c781c2b0575c3bb
573 verbose stack From:     https://registry.npmjs.org/ionic-angular/-/ionic-angular-3.6.0.tgz
573 verbose stack     at /usr/local/lib/node_modules/npm/node_modules/sha/index.js:25:8
573 verbose stack     at ReadStream.<anonymous> (/usr/local/lib/node_modules/npm/node_modules/sha/index.js:72:7)
573 verbose stack     at emitNone (events.js:91:20)
573 verbose stack     at ReadStream.emit (events.js:185:7)
573 verbose stack     at endReadableNT (_stream_readable.js:974:12)
573 verbose stack     at _combinedTickCallback (internal/process/next_tick.js:74:11)
573 verbose stack     at process._tickCallback (internal/process/next_tick.js:98:9)
574 verbose cwd /Users/khengny/Documents/Projects/Zend/ionic-v3/FamilyLoan
575 error Darwin 16.6.0
576 error argv "/usr/local/bin/node" "/usr/local/bin/npm" "install"
577 error node v6.9.1
578 error npm  v3.10.8
579 error shasum check failed for /var/folders/g1/6k6vllj52kjcf0t4c0h9syfh0000gn/T/npm-1533-9f32d27d/registry.npmjs.org/ionic-angular/-/ionic-angular-3.6.0.tgz
579 error Expected: 3c9222796c84cab37f5a3d090c268c9fe308e007
579 error Actual:   d4c4be16cb4a90a14a2a68923c781c2b0575c3bb
579 error From:     https://registry.npmjs.org/ionic-angular/-/ionic-angular-3.6.0.tgz
580 error If you need help, you may report this error at:
580 error     <https://github.com/npm/npm/issues>
581 verbose exit [ 1, true ]
